<?xml version="1.0" encoding="UTF-8"?>
<testsuite xmlns:xsi="http://www.w3.org/2001/XMLSchema-instance" xsi:noNamespaceSchemaLocation="https://maven.apache.org/surefire/maven-surefire-plugin/xsd/surefire-test-report-3.0.xsd" version="3.0" name="com.example.spring_boot_docker.SpringBootDockerApplicationTests" time="1.715" tests="1" errors="0" skipped="0" failures="0">
  <properties>
[...]
</properties>
  <testcase name="contextLoads" classname="com.example.spring_boot_docker.SpringBootDockerApplicationTests" time="0.552">
    <system-out><![CDATA[09:09:01.894 [main] INFO org.springframework.test.context.support.AnnotationConfigContextLoaderUtils -- Could not detect default configuration classes for test class [com.example.spring_boot_docker.SpringBootDockerApplicationTests]: SpringBootDockerApplicationTests does not declare any static, non-private, non-final, nested classes annotated with @Configuration.
09:09:01.958 [main] INFO org.springframework.boot.test.context.SpringBootTestContextBootstrapper -- Found @SpringBootConfiguration com.example.spring_boot_docker.SpringBootDockerApplication for test class com.example.spring_boot_docker.SpringBootDockerApplicationTests

  .   ____          _            __ _ _
 /\\ / ___'_ __ _ _(_)_ __  __ _ \ \ \ \
( ( )\___ | '_ | '_| | '_ \/ _` | \ \ \ \
 \\/  ___)| |_)| | | | | || (_| |  ) ) ) )
  '  |____| .__|_| |_|_| |_\__, | / / / /
 =========|_|==============|___/=/_/_/_/

 :: Spring Boot ::                (v3.3.4)

2024-10-10T09:09:02.228+08:00  INFO 8160 --- [spring-boot-docker] [           main] c.e.s.SpringBootDockerApplicationTests   : Starting SpringBootDockerApplicationTests using Java 17.0.11 with PID 8160 (started by ralston in C:\Users\ralston\Documents\code_sample\DevOps\docker)
2024-10-10T09:09:02.229+08:00  INFO 8160 --- [spring-boot-docker] [           main] c.e.s.SpringBootDockerApplicationTests   : No active profile set, falling back to 1 default profile: "default"
2024-10-10T09:09:02.938+08:00  INFO 8160 --- [spring-boot-docker] [           main] c.e.s.SpringBootDockerApplicationTests   : Started SpringBootDockerApplicationTests in 0.883 seconds (process running for 1.476)
]]></system-out>
  </testcase>
</testsuite>